2023-04-03 00:39:06.857188 - Initialized conversion of CBT488
2023-04-03 00:39:08.580308 - Received CBT.V504.FILE488.PDS from FILE488.XMI 
2023-04-03 00:39:08.583129 - Found $$$#DATE.txt (text/plain) in CBT.V504.FILE488.PDS, moved to PDS/$$$#DATE
2023-04-03 00:39:08.584211 - Found $$NOTE01.txt (text/plain) in CBT.V504.FILE488.PDS, moved to PDS/$$NOTE01
2023-04-03 00:39:08.585285 - Found $DOC.txt (text/plain) in CBT.V504.FILE488.PDS, moved to PDS/$DOC
2023-04-03 00:39:08.586368 - Found $INDEX.txt (text/plain) in CBT.V504.FILE488.PDS, moved to PDS/$INDEX
2023-04-03 00:39:08.587424 - Found $INDEX2.txt (text/plain) in CBT.V504.FILE488.PDS, moved to PDS/$INDEX2
2023-04-03 00:39:08.588471 - Found $UPDATE.txt (text/plain) in CBT.V504.FILE488.PDS, moved to PDS/$UPDATE
2023-04-03 00:39:08.589507 - Found @FILE488.txt (text/plain) in CBT.V504.FILE488.PDS, moved to PDS/@FILE488
2023-04-03 00:39:08.590523 - Found CHNGCALL.txt (text/plain) in CBT.V504.FILE488.PDS, moved to PDS/CHNGCALL
2023-04-03 00:39:08.591708 - Found CHNGCASE.txt (text/plain) in CBT.V504.FILE488.PDS, moved to PDS/CHNGCASE
2023-04-03 00:39:08.592690 - Found CHNGCASP.txt (text/plain) in CBT.V504.FILE488.PDS, moved to PDS/CHNGCASP
2023-04-03 00:39:08.593721 - Found CHNGCPY1.txt (text/plain) in CBT.V504.FILE488.PDS, moved to PDS/CHNGCPY1
2023-04-03 00:39:08.594723 - Found CHNGCPY2.txt (text/plain) in CBT.V504.FILE488.PDS, moved to PDS/CHNGCPY2
2023-04-03 00:39:08.595755 - Found CHNGDOCU.txt (text/plain) in CBT.V504.FILE488.PDS, moved to PDS/CHNGDOCU
2023-04-03 00:39:08.596846 - Found CHNGEXMP.txt (text/plain) in CBT.V504.FILE488.PDS, moved to PDS/CHNGEXMP
2023-04-03 00:39:08.597849 - Found CHNGFILE.txt (text/plain) in CBT.V504.FILE488.PDS, moved to PDS/CHNGFILE
2023-04-03 00:39:08.598877 - Found CHNGPARM.txt (text/plain) in CBT.V504.FILE488.PDS, moved to PDS/CHNGPARM
2023-04-03 00:39:08.599910 - Found CHNGPROC.txt (text/plain) in CBT.V504.FILE488.PDS, moved to PDS/CHNGPROC
2023-04-03 00:39:08.600906 - Found CHNGTSTA.txt (text/plain) in CBT.V504.FILE488.PDS, moved to PDS/CHNGTSTA
2023-04-03 00:39:08.601889 - Found CHNG005B.txt (text/plain) in CBT.V504.FILE488.PDS, moved to PDS/CHNG005B
2023-04-03 00:39:08.602800 - Found CHNG005C.txt (text/plain) in CBT.V504.FILE488.PDS, moved to PDS/CHNG005C
2023-04-03 00:39:08.603757 - Found CHNG005F.txt (text/plain) in CBT.V504.FILE488.PDS, moved to PDS/CHNG005F
2023-04-03 00:39:08.604751 - Found COBNEAT.txt (text/plain) in CBT.V504.FILE488.PDS, moved to PDS/COBNEAT
2023-04-03 00:39:08.605669 - Found COBNEAT1.txt (text/plain) in CBT.V504.FILE488.PDS, moved to PDS/COBNEAT1
2023-04-03 00:39:08.606574 - Found COBNOTE.txt (text/plain) in CBT.V504.FILE488.PDS, moved to PDS/COBNOTE
2023-04-03 00:39:08.607535 - Found COBNRUN.txt (text/plain) in CBT.V504.FILE488.PDS, moved to PDS/COBNRUN
2023-04-03 00:39:08.608512 - Found CXPARM.txt (text/plain) in CBT.V504.FILE488.PDS, moved to PDS/CXPARM
2023-04-03 00:39:08.609465 - Found CX002B.txt (text/plain) in CBT.V504.FILE488.PDS, moved to PDS/CX002B
2023-04-03 00:39:08.610382 - Found CX003B.jcl (text/plain) in CBT.V504.FILE488.PDS, moved to PDS/CX003B
2023-04-03 00:39:08.611311 - Found DOCCHNG.txt (text/plain) in CBT.V504.FILE488.PDS, moved to PDS/DOCCHNG
2023-04-03 00:39:08.612259 - Found DOCCNS1.txt (text/plain) in CBT.V504.FILE488.PDS, moved to PDS/DOCCNS1
2023-04-03 00:39:08.613215 - Found DOCCSV.txt (text/plain) in CBT.V504.FILE488.PDS, moved to PDS/DOCCSV
2023-04-03 00:39:08.614120 - Found DOCDOC.txt (text/plain) in CBT.V504.FILE488.PDS, moved to PDS/DOCDOC
2023-04-03 00:39:08.615159 - Found DOCEND.txt (text/plain) in CBT.V504.FILE488.PDS, moved to PDS/DOCEND
2023-04-03 00:39:08.616206 - Found DOCHDG1.txt (text/plain) in CBT.V504.FILE488.PDS, moved to PDS/DOCHDG1
2023-04-03 00:39:08.617123 - Found DOCHDG2.txt (text/plain) in CBT.V504.FILE488.PDS, moved to PDS/DOCHDG2
2023-04-03 00:39:08.618006 - Found DOCID.txt (text/plain) in CBT.V504.FILE488.PDS, moved to PDS/DOCID
2023-04-03 00:39:08.619027 - Found DOCIDCAM.txt (text/plain) in CBT.V504.FILE488.PDS, moved to PDS/DOCIDCAM
2023-04-03 00:39:08.620507 - Found DOCIEBG.jcl (text/plain) in CBT.V504.FILE488.PDS, moved to PDS/DOCIEBG
2023-04-03 00:39:08.621566 - Found DOCIEFBR.txt (text/plain) in CBT.V504.FILE488.PDS, moved to PDS/DOCIEFBR
2023-04-03 00:39:08.622512 - Found DOCJOB.txt (text/plain) in CBT.V504.FILE488.PDS, moved to PDS/DOCJOB
2023-04-03 00:39:08.623555 - Found DOCLINE.txt (text/plain) in CBT.V504.FILE488.PDS, moved to PDS/DOCLINE
2023-04-03 00:39:08.624609 - Found DOCLOAD.txt (text/plain) in CBT.V504.FILE488.PDS, moved to PDS/DOCLOAD
2023-04-03 00:39:08.625669 - Found DOCPARM.txt (text/plain) in CBT.V504.FILE488.PDS, moved to PDS/DOCPARM
2023-04-03 00:39:08.626614 - Found DOCPRINT.txt (text/plain) in CBT.V504.FILE488.PDS, moved to PDS/DOCPRINT
2023-04-03 00:39:08.627705 - Found DOCPROB.txt (text/plain) in CBT.V504.FILE488.PDS, moved to PDS/DOCPROB
2023-04-03 00:39:08.628879 - Found DOCPROC.txt (text/plain) in CBT.V504.FILE488.PDS, moved to PDS/DOCPROC
2023-04-03 00:39:08.629887 - Found DOCPROO.txt (text/plain) in CBT.V504.FILE488.PDS, moved to PDS/DOCPROO
2023-04-03 00:39:08.630881 - Found DOCREPRO.txt (text/plain) in CBT.V504.FILE488.PDS, moved to PDS/DOCREPRO
2023-04-03 00:39:08.631820 - Found DOCRIGHT.txt (text/plain) in CBT.V504.FILE488.PDS, moved to PDS/DOCRIGHT
2023-04-03 00:39:08.632782 - Found DOCRULE.txt (text/plain) in CBT.V504.FILE488.PDS, moved to PDS/DOCRULE
2023-04-03 00:39:08.633700 - Found DOCTOP.txt (text/plain) in CBT.V504.FILE488.PDS, moved to PDS/DOCTOP
2023-04-03 00:39:08.634709 - Found DOCWSB.txt (text/plain) in CBT.V504.FILE488.PDS, moved to PDS/DOCWSB
2023-04-03 00:39:08.636188 - Found DOCWSO.txt (text/plain) in CBT.V504.FILE488.PDS, moved to PDS/DOCWSO
2023-04-03 00:39:08.637185 - Found FTPGDG.txt (text/plain) in CBT.V504.FILE488.PDS, moved to PDS/FTPGDG
2023-04-03 00:39:08.638200 - Found HIGHEXT.txt (text/plain) in CBT.V504.FILE488.PDS, moved to PDS/HIGHEXT
2023-04-03 00:39:08.639199 - Found HSMDOCU.txt (text/plain) in CBT.V504.FILE488.PDS, moved to PDS/HSMDOCU
2023-04-03 00:39:08.640267 - Found JCI0049B.txt (text/plain) in CBT.V504.FILE488.PDS, moved to PDS/JCI0049B
2023-04-03 00:39:08.641441 - Found JCLNEAT.txt (text/plain) in CBT.V504.FILE488.PDS, moved to PDS/JCLNEAT
2023-04-03 00:39:08.642524 - Found JCLNEAT1.txt (text/plain) in CBT.V504.FILE488.PDS, moved to PDS/JCLNEAT1
2023-04-03 00:39:08.643468 - Found JCLNOTE.txt (text/plain) in CBT.V504.FILE488.PDS, moved to PDS/JCLNOTE
2023-04-03 00:39:08.644458 - Found JCLNRUN.txt (text/plain) in CBT.V504.FILE488.PDS, moved to PDS/JCLNRUN
2023-04-03 00:39:08.645368 - Found JCLSPLT.txt (text/plain) in CBT.V504.FILE488.PDS, moved to PDS/JCLSPLT
2023-04-03 00:39:08.646268 - Found JCLSPLT1.txt (text/plain) in CBT.V504.FILE488.PDS, moved to PDS/JCLSPLT1
2023-04-03 00:39:08.647160 - Found JCLSRUN.txt (text/plain) in CBT.V504.FILE488.PDS, moved to PDS/JCLSRUN
2023-04-03 00:39:08.648074 - Found JESJOB2.jcl (text/plain) in CBT.V504.FILE488.PDS, moved to PDS/JESJOB2
2023-04-03 00:39:08.648949 - Found JMISB1D.jcl (text/plain) in CBT.V504.FILE488.PDS, moved to PDS/JMISB1D
2023-04-03 00:39:08.649832 - Found JMIS20D.jcl (text/plain) in CBT.V504.FILE488.PDS, moved to PDS/JMIS20D
2023-04-03 00:39:08.650742 - Found J0049B.jcl (text/plain) in CBT.V504.FILE488.PDS, moved to PDS/J0049B
2023-04-03 00:39:08.652086 - Found LIT.txt (text/plain) in CBT.V504.FILE488.PDS, moved to PDS/LIT
2023-04-03 00:39:08.653049 - Found MHPB6.txt (text/plain) in CBT.V504.FILE488.PDS, moved to PDS/MHPB6
2023-04-03 00:39:08.653998 - Found MHP0775B.txt (text/plain) in CBT.V504.FILE488.PDS, moved to PDS/MHP0775B
2023-04-03 00:39:08.654937 - Found MID97.txt (text/plain) in CBT.V504.FILE488.PDS, moved to PDS/MID97
2023-04-03 00:39:08.655947 - Found MID98.txt (text/plain) in CBT.V504.FILE488.PDS, moved to PDS/MID98
2023-04-03 00:39:08.656950 - Found MID99.txt (text/plain) in CBT.V504.FILE488.PDS, moved to PDS/MID99
2023-04-03 00:39:08.657854 - Found MISA1.txt (text/plain) in CBT.V504.FILE488.PDS, moved to PDS/MISA1
2023-04-03 00:39:08.658861 - Found MISA1010.txt (text/plain) in CBT.V504.FILE488.PDS, moved to PDS/MISA1010
2023-04-03 00:39:08.658874 - Found MISA1030.bin containing application/octet-stream, moved to PDS/MISA1030
2023-04-03 00:39:08.660763 - Found MISA1040.txt (text/plain) in CBT.V504.FILE488.PDS, moved to PDS/MISA1040
2023-04-03 00:39:08.662183 - Found MISA2.txt (text/plain) in CBT.V504.FILE488.PDS, moved to PDS/MISA2
2023-04-03 00:39:08.663323 - Found MISA2030.txt (text/plain) in CBT.V504.FILE488.PDS, moved to PDS/MISA2030
2023-04-03 00:39:08.664502 - Found MISA2040.txt (text/plain) in CBT.V504.FILE488.PDS, moved to PDS/MISA2040
2023-04-03 00:39:08.665436 - Found MISA9.txt (text/plain) in CBT.V504.FILE488.PDS, moved to PDS/MISA9
2023-04-03 00:39:08.666316 - Found MISA9010.txt (text/plain) in CBT.V504.FILE488.PDS, moved to PDS/MISA9010
2023-04-03 00:39:08.667230 - Found MISA9020.txt (text/plain) in CBT.V504.FILE488.PDS, moved to PDS/MISA9020
2023-04-03 00:39:08.668400 - Found MISA9040.txt (text/plain) in CBT.V504.FILE488.PDS, moved to PDS/MISA9040
2023-04-03 00:39:08.669646 - Found MISA9050.txt (text/plain) in CBT.V504.FILE488.PDS, moved to PDS/MISA9050
2023-04-03 00:39:08.670688 - Found MISA9060.txt (text/plain) in CBT.V504.FILE488.PDS, moved to PDS/MISA9060
2023-04-03 00:39:08.671683 - Found MISA9070.txt (text/plain) in CBT.V504.FILE488.PDS, moved to PDS/MISA9070
2023-04-03 00:39:08.672826 - Found MISA9130.txt (text/plain) in CBT.V504.FILE488.PDS, moved to PDS/MISA9130
2023-04-03 00:39:08.673833 - Found MISBI.txt (text/plain) in CBT.V504.FILE488.PDS, moved to PDS/MISBI
2023-04-03 00:39:08.674916 - Found MISB1.txt (text/plain) in CBT.V504.FILE488.PDS, moved to PDS/MISB1
2023-04-03 00:39:08.675940 - Found MISB1020.txt (text/plain) in CBT.V504.FILE488.PDS, moved to PDS/MISB1020
2023-04-03 00:39:08.677178 - Found MISB1030.txt (text/plain) in CBT.V504.FILE488.PDS, moved to PDS/MISB1030
2023-04-03 00:39:08.678176 - Found MIS0081B.txt (text/plain) in CBT.V504.FILE488.PDS, moved to PDS/MIS0081B
2023-04-03 00:39:08.679214 - Found MIS0133B.txt (text/plain) in CBT.V504.FILE488.PDS, moved to PDS/MIS0133B
2023-04-03 00:39:08.680217 - Found MIS0380B.txt (text/plain) in CBT.V504.FILE488.PDS, moved to PDS/MIS0380B
2023-04-03 00:39:08.681374 - Found MIS0400B.txt (text/plain) in CBT.V504.FILE488.PDS, moved to PDS/MIS0400B
2023-04-03 00:39:08.682427 - Found MIS0425B.txt (text/plain) in CBT.V504.FILE488.PDS, moved to PDS/MIS0425B
2023-04-03 00:39:08.683400 - Found MIS0440B.txt (text/plain) in CBT.V504.FILE488.PDS, moved to PDS/MIS0440B
2023-04-03 00:39:08.684402 - Found MIS0465B.txt (text/plain) in CBT.V504.FILE488.PDS, moved to PDS/MIS0465B
2023-04-03 00:39:08.685503 - Found MIS0470B.txt (text/plain) in CBT.V504.FILE488.PDS, moved to PDS/MIS0470B
2023-04-03 00:39:08.686436 - Found MIS0475B.txt (text/plain) in CBT.V504.FILE488.PDS, moved to PDS/MIS0475B
2023-04-03 00:39:08.687412 - Found MIS0500B.txt (text/plain) in CBT.V504.FILE488.PDS, moved to PDS/MIS0500B
2023-04-03 00:39:08.688367 - Found MIS0520B.txt (text/plain) in CBT.V504.FILE488.PDS, moved to PDS/MIS0520B
2023-04-03 00:39:08.689361 - Found MIS0525B.txt (text/plain) in CBT.V504.FILE488.PDS, moved to PDS/MIS0525B
2023-04-03 00:39:08.690288 - Found MIS0540B.txt (text/plain) in CBT.V504.FILE488.PDS, moved to PDS/MIS0540B
2023-04-03 00:39:08.691271 - Found MIS0550B.txt (text/plain) in CBT.V504.FILE488.PDS, moved to PDS/MIS0550B
2023-04-03 00:39:08.692256 - Found MIS0585B.txt (text/plain) in CBT.V504.FILE488.PDS, moved to PDS/MIS0585B
2023-04-03 00:39:08.693203 - Found MIS0590B.txt (text/plain) in CBT.V504.FILE488.PDS, moved to PDS/MIS0590B
2023-04-03 00:39:08.694112 - Found MIS0655B.txt (text/plain) in CBT.V504.FILE488.PDS, moved to PDS/MIS0655B
2023-04-03 00:39:08.695114 - Found MIS0660B.txt (text/plain) in CBT.V504.FILE488.PDS, moved to PDS/MIS0660B
2023-04-03 00:39:08.696600 - Found MIS0685B.txt (text/plain) in CBT.V504.FILE488.PDS, moved to PDS/MIS0685B
2023-04-03 00:39:08.697541 - Found MIS0700B.txt (text/plain) in CBT.V504.FILE488.PDS, moved to PDS/MIS0700B
2023-04-03 00:39:08.698502 - Found MIS10.txt (text/plain) in CBT.V504.FILE488.PDS, moved to PDS/MIS10
2023-04-03 00:39:08.699468 - Found MIS10010.txt (text/plain) in CBT.V504.FILE488.PDS, moved to PDS/MIS10010
2023-04-03 00:39:08.700463 - Found MIS11.txt (text/plain) in CBT.V504.FILE488.PDS, moved to PDS/MIS11
2023-04-03 00:39:08.701523 - Found MIS11010.txt (text/plain) in CBT.V504.FILE488.PDS, moved to PDS/MIS11010
2023-04-03 00:39:08.702389 - Found MIS11030.txt (text/plain) in CBT.V504.FILE488.PDS, moved to PDS/MIS11030
2023-04-03 00:39:08.703621 - Found MIS12.txt (text/plain) in CBT.V504.FILE488.PDS, moved to PDS/MIS12
2023-04-03 00:39:08.704787 - Found MIS12070.txt (text/plain) in CBT.V504.FILE488.PDS, moved to PDS/MIS12070
2023-04-03 00:39:08.705929 - Found MIS20.txt (text/plain) in CBT.V504.FILE488.PDS, moved to PDS/MIS20
2023-04-03 00:39:08.706961 - Found MIS34.txt (text/plain) in CBT.V504.FILE488.PDS, moved to PDS/MIS34
2023-04-03 00:39:08.707993 - Found MIS34010.txt (text/plain) in CBT.V504.FILE488.PDS, moved to PDS/MIS34010
2023-04-03 00:39:08.709109 - Found MIS34020.txt (text/plain) in CBT.V504.FILE488.PDS, moved to PDS/MIS34020
2023-04-03 00:39:08.710046 - Found MIS34040.txt (text/plain) in CBT.V504.FILE488.PDS, moved to PDS/MIS34040
2023-04-03 00:39:08.711169 - Found M0425B.jcl (text/plain) in CBT.V504.FILE488.PDS, moved to PDS/M0425B
2023-04-03 00:39:08.712279 - Found M0655A.txt (text/plain) in CBT.V504.FILE488.PDS, moved to PDS/M0655A
2023-04-03 00:39:08.713394 - Found M0655A0T.txt (text/plain) in CBT.V504.FILE488.PDS, moved to PDS/M0655A0T
2023-04-03 00:39:08.714435 - Found M0655A01.txt (text/plain) in CBT.V504.FILE488.PDS, moved to PDS/M0655A01
2023-04-03 00:39:08.715417 - Found M0655A02.txt (text/plain) in CBT.V504.FILE488.PDS, moved to PDS/M0655A02
2023-04-03 00:39:08.716492 - Found M0655B.jcl (text/plain) in CBT.V504.FILE488.PDS, moved to PDS/M0655B
2023-04-03 00:39:08.717555 - Found M0655B0T.txt (text/plain) in CBT.V504.FILE488.PDS, moved to PDS/M0655B0T
2023-04-03 00:39:08.718601 - Found M0655B01.txt (text/plain) in CBT.V504.FILE488.PDS, moved to PDS/M0655B01
2023-04-03 00:39:08.719528 - Found M0655B02.txt (text/plain) in CBT.V504.FILE488.PDS, moved to PDS/M0655B02
2023-04-03 00:39:08.720552 - Found M0655B03.txt (text/plain) in CBT.V504.FILE488.PDS, moved to PDS/M0655B03
2023-04-03 00:39:08.721427 - Found M0685B.txt (text/plain) in CBT.V504.FILE488.PDS, moved to PDS/M0685B
2023-04-03 00:39:08.722336 - Found M0685P1.txt (text/plain) in CBT.V504.FILE488.PDS, moved to PDS/M0685P1
2023-04-03 00:39:08.723216 - Found M0685P2.txt (text/plain) in CBT.V504.FILE488.PDS, moved to PDS/M0685P2
2023-04-03 00:39:08.724202 - Found M0700B.jcl (text/plain) in CBT.V504.FILE488.PDS, moved to PDS/M0700B
2023-04-03 00:39:08.725467 - Found M0700P.txt (text/plain) in CBT.V504.FILE488.PDS, moved to PDS/M0700P
2023-04-03 00:39:08.726496 - Found M0775B.txt (text/plain) in CBT.V504.FILE488.PDS, moved to PDS/M0775B
2023-04-03 00:39:08.727570 - Found OFFSET1.txt (text/plain) in CBT.V504.FILE488.PDS, moved to PDS/OFFSET1
2023-04-03 00:39:08.728580 - Found OFFSET2.txt (text/plain) in CBT.V504.FILE488.PDS, moved to PDS/OFFSET2
2023-04-03 00:39:08.729487 - Found PARM0060.txt (text/plain) in CBT.V504.FILE488.PDS, moved to PDS/PARM0060
2023-04-03 00:39:08.730462 - Found PMISA1D.jcl (text/plain) in CBT.V504.FILE488.PDS, moved to PDS/PMISA1D
2023-04-03 00:39:08.731505 - Found PMISA2D.jcl (text/plain) in CBT.V504.FILE488.PDS, moved to PDS/PMISA2D
2023-04-03 00:39:08.732626 - Found PMISA9D.jcl (text/plain) in CBT.V504.FILE488.PDS, moved to PDS/PMISA9D
2023-04-03 00:39:08.733734 - Found PMISB1D.jcl (text/plain) in CBT.V504.FILE488.PDS, moved to PDS/PMISB1D
2023-04-03 00:39:08.734759 - Found PMIS20D.jcl (text/plain) in CBT.V504.FILE488.PDS, moved to PDS/PMIS20D
2023-04-03 00:39:08.735726 - Found PMIS34W.jcl (text/plain) in CBT.V504.FILE488.PDS, moved to PDS/PMIS34W
2023-04-03 00:39:08.736735 - Found PRNTCPY1.txt (text/plain) in CBT.V504.FILE488.PDS, moved to PDS/PRNTCPY1
2023-04-03 00:39:08.737636 - Found PRNTCPY2.txt (text/plain) in CBT.V504.FILE488.PDS, moved to PDS/PRNTCPY2
2023-04-03 00:39:08.738543 - Found PRNTDOCU.txt (text/plain) in CBT.V504.FILE488.PDS, moved to PDS/PRNTDOCU
2023-04-03 00:39:08.739515 - Found PRNTFILE.txt (text/plain) in CBT.V504.FILE488.PDS, moved to PDS/PRNTFILE
2023-04-03 00:39:08.740773 - Found PRNTPARM.txt (text/plain) in CBT.V504.FILE488.PDS, moved to PDS/PRNTPARM
2023-04-03 00:39:08.741831 - Found PRNTPROC.jcl (text/plain) in CBT.V504.FILE488.PDS, moved to PDS/PRNTPROC
2023-04-03 00:39:08.742987 - Found PULLCPY1.txt (text/plain) in CBT.V504.FILE488.PDS, moved to PDS/PULLCPY1
2023-04-03 00:39:08.744152 - Found PULLCPY2.txt (text/plain) in CBT.V504.FILE488.PDS, moved to PDS/PULLCPY2
2023-04-03 00:39:08.745158 - Found PULLCPY3.txt (text/plain) in CBT.V504.FILE488.PDS, moved to PDS/PULLCPY3
2023-04-03 00:39:08.746292 - Found PULLDOCU.txt (text/plain) in CBT.V504.FILE488.PDS, moved to PDS/PULLDOCU
2023-04-03 00:39:08.747414 - Found PULLDSN.jcl (text/plain) in CBT.V504.FILE488.PDS, moved to PDS/PULLDSN
2023-04-03 00:39:08.748556 - Found PULLDSNS.jcl (text/plain) in CBT.V504.FILE488.PDS, moved to PDS/PULLDSNS
2023-04-03 00:39:08.749650 - Found PULLFILE.txt (text/plain) in CBT.V504.FILE488.PDS, moved to PDS/PULLFILE
2023-04-03 00:39:08.750540 - Found PULLPARM.txt (text/plain) in CBT.V504.FILE488.PDS, moved to PDS/PULLPARM
2023-04-03 00:39:08.751523 - Found PULLPROC.jcl (text/plain) in CBT.V504.FILE488.PDS, moved to PDS/PULLPROC
2023-04-03 00:39:08.753017 - Found PULL001.txt (text/plain) in CBT.V504.FILE488.PDS, moved to PDS/PULL001
2023-04-03 00:39:08.754017 - Found STVDOCU.txt (text/plain) in CBT.V504.FILE488.PDS, moved to PDS/STVDOCU
2023-04-03 00:39:08.754029 - Found STV0110C.bin containing application/octet-stream, moved to PDS/STV0110C
2023-04-03 00:39:08.756170 - Found STV0115C.txt (text/plain) in CBT.V504.FILE488.PDS, moved to PDS/STV0115C
2023-04-03 00:39:08.757109 - Found STV0150B.txt (text/plain) in CBT.V504.FILE488.PDS, moved to PDS/STV0150B
2023-04-03 00:39:08.758224 - Found STV0270B.txt (text/plain) in CBT.V504.FILE488.PDS, moved to PDS/STV0270B
2023-04-03 00:39:08.759306 - Found STV0280B.txt (text/plain) in CBT.V504.FILE488.PDS, moved to PDS/STV0280B
2023-04-03 00:39:08.760355 - Found STV0295B.txt (text/plain) in CBT.V504.FILE488.PDS, moved to PDS/STV0295B
2023-04-03 00:39:08.761383 - Found STV0320B.txt (text/plain) in CBT.V504.FILE488.PDS, moved to PDS/STV0320B
2023-04-03 00:39:08.762332 - Found STV0400B.txt (text/plain) in CBT.V504.FILE488.PDS, moved to PDS/STV0400B
2023-04-03 00:39:08.763302 - Found STV0400T.txt (text/plain) in CBT.V504.FILE488.PDS, moved to PDS/STV0400T
2023-04-03 00:39:08.764560 - Found STV0405B.txt (text/plain) in CBT.V504.FILE488.PDS, moved to PDS/STV0405B
2023-04-03 00:39:08.765544 - Found STV0410B.txt (text/plain) in CBT.V504.FILE488.PDS, moved to PDS/STV0410B
2023-04-03 00:39:08.766712 - Found STV0420B.txt (text/plain) in CBT.V504.FILE488.PDS, moved to PDS/STV0420B
2023-04-03 00:39:08.767716 - Found STV0530B.txt (text/plain) in CBT.V504.FILE488.PDS, moved to PDS/STV0530B
2023-04-03 00:39:08.768827 - Found STV0530T.txt (text/plain) in CBT.V504.FILE488.PDS, moved to PDS/STV0530T
2023-04-03 00:39:08.769826 - Found STV0805B.txt (text/plain) in CBT.V504.FILE488.PDS, moved to PDS/STV0805B
2023-04-03 00:39:08.770960 - Found STV110M.txt (text/plain) in CBT.V504.FILE488.PDS, moved to PDS/STV110M
2023-04-03 00:39:08.772073 - Found STV115M.txt (text/plain) in CBT.V504.FILE488.PDS, moved to PDS/STV115M
2023-04-03 00:39:08.773192 - Found STV1295B.txt (text/plain) in CBT.V504.FILE488.PDS, moved to PDS/STV1295B
2023-04-03 00:39:08.774256 - Found STV1320B.txt (text/plain) in CBT.V504.FILE488.PDS, moved to PDS/STV1320B
2023-04-03 00:39:08.775434 - Found STV1400B.txt (text/plain) in CBT.V504.FILE488.PDS, moved to PDS/STV1400B
2023-04-03 00:39:08.776520 - Found STV1405B.txt (text/plain) in CBT.V504.FILE488.PDS, moved to PDS/STV1405B
2023-04-03 00:39:08.777859 - Found STV1410B.txt (text/plain) in CBT.V504.FILE488.PDS, moved to PDS/STV1410B
2023-04-03 00:39:08.778994 - Found STV1420B.txt (text/plain) in CBT.V504.FILE488.PDS, moved to PDS/STV1420B
2023-04-03 00:39:08.780181 - Found STV1805B.txt (text/plain) in CBT.V504.FILE488.PDS, moved to PDS/STV1805B
2023-04-03 00:39:08.781246 - Found S0400A.jcl (text/plain) in CBT.V504.FILE488.PDS, moved to PDS/S0400A
2023-04-03 00:39:08.782276 - Found S0400B.jcl (text/plain) in CBT.V504.FILE488.PDS, moved to PDS/S0400B
2023-04-03 00:39:08.783269 - Found S0530B.txt (text/plain) in CBT.V504.FILE488.PDS, moved to PDS/S0530B
2023-04-03 00:39:08.784236 - Found TAPEDD.txt (text/plain) in CBT.V504.FILE488.PDS, moved to PDS/TAPEDD
2023-04-03 00:39:08.785371 - Found XLT04650.txt (text/plain) in CBT.V504.FILE488.PDS, moved to PDS/XLT04650
2023-04-03 00:39:08.786339 - Found XLT04660.txt (text/plain) in CBT.V504.FILE488.PDS, moved to PDS/XLT04660
2023-04-03 00:39:08.787313 - Found X04650.jcl (text/plain) in CBT.V504.FILE488.PDS, moved to PDS/X04650
2023-04-03 00:39:08.788499 - Found X04650P.txt (text/plain) in CBT.V504.FILE488.PDS, moved to PDS/X04650P
2023-04-03 00:39:08.789525 - Found X04660.jcl (text/plain) in CBT.V504.FILE488.PDS, moved to PDS/X04660
2023-04-03 00:39:08.790436 - Found X04660D.txt (text/plain) in CBT.V504.FILE488.PDS, moved to PDS/X04660D
2023-04-03 00:39:08.791447 - Found X04660P.txt (text/plain) in CBT.V504.FILE488.PDS, moved to PDS/X04660P
2023-04-03 00:39:08.792445 - Found X12FILE.txt (text/plain) in CBT.V504.FILE488.PDS, moved to PDS/X12FILE
2023-04-03 00:39:08.793471 - Found X12INPUT.txt (text/plain) in CBT.V504.FILE488.PDS, moved to PDS/X12INPUT
2023-04-03 00:39:08.794629 - Found X12SHOW.txt (text/plain) in CBT.V504.FILE488.PDS, moved to PDS/X12SHOW
2023-04-03 00:39:08.795565 - Found X12SRUN.txt (text/plain) in CBT.V504.FILE488.PDS, moved to PDS/X12SRUN
